2014-04-07 12:00:04,784 - Starting Apache Velocity v1.5 (compiled: 2007-02-22 08:52:29)
2014-04-07 12:00:04,784 - Default Properties File: org/apache/velocity/runtime/defaults/velocity.properties
2014-04-07 12:00:04,784 - Trying to use logger class org.apache.velocity.runtime.log.AvalonLogChute
2014-04-07 12:00:04,785 - Couldn't find class org.apache.velocity.runtime.log.AvalonLogChute or necessary supporting classes in classpath.
java.lang.NoClassDefFoundError: org/apache/log/format/Formatter
	at java.lang.Class.forName0(Native Method)
	at java.lang.Class.forName(Class.java:249)
	at org.apache.velocity.util.ClassUtils.getClass(ClassUtils.java:63)
	at org.apache.velocity.util.ClassUtils.getNewInstance(ClassUtils.java:95)
	at org.apache.velocity.runtime.log.LogManager.createLogChute(LogManager.java:147)
	at org.apache.velocity.runtime.log.LogManager.updateLog(LogManager.java:208)
	at org.apache.velocity.runtime.RuntimeInstance.initializeLog(RuntimeInstance.java:728)
	at org.apache.velocity.runtime.RuntimeInstance.init(RuntimeInstance.java:240)
	at org.apache.velocity.runtime.RuntimeInstance.init(RuntimeInstance.java:534)
	at org.apache.velocity.runtime.RuntimeSingleton.init(RuntimeSingleton.java:227)
	at org.apache.velocity.app.Velocity.init(Velocity.java:111)
	at org.wso2.andes.server.logging.GenerateLogMessages.<init>(GenerateLogMessages.java:97)
	at org.wso2.andes.server.logging.GenerateLogMessages.main(GenerateLogMessages.java:50)
Caused by: java.lang.ClassNotFoundException: org.apache.log.format.Formatter
	at java.net.URLClassLoader$1.run(URLClassLoader.java:202)
	at java.security.AccessController.doPrivileged(Native Method)
	at java.net.URLClassLoader.findClass(URLClassLoader.java:190)
	at java.lang.ClassLoader.loadClass(ClassLoader.java:306)
	at sun.misc.Launcher$AppClassLoader.loadClass(Launcher.java:301)
	at java.lang.ClassLoader.loadClass(ClassLoader.java:247)
	... 13 more
2014-04-07 12:00:04,786 - Trying to use logger class org.apache.velocity.runtime.log.Log4JLogChute
2014-04-07 12:00:04,786 - Using logger class org.apache.velocity.runtime.log.Log4JLogChute
2014-04-07 12:00:04,787 - Default ResourceManager initializing. (class org.apache.velocity.runtime.resource.ResourceManagerImpl)
2014-04-07 12:00:04,789 - ResourceLoader instantiated: org.apache.velocity.runtime.resource.loader.FileResourceLoader
2014-04-07 12:00:04,789 - Do unicode file recognition:  false
2014-04-07 12:00:04,789 - FileResourceLoader : adding path '/home/dhanukar/codebase/4.x.x/platform/branches/turing/dependencies/andes/0.13.0-wso2v11/java/broker/src/velocity/templates/org/wso2/andes/server/logging/messages'
2014-04-07 12:00:04,798 - ResourceCache: initialized (class org.apache.velocity.runtime.resource.ResourceCacheImpl)
2014-04-07 12:00:04,799 - Loaded System Directive: org.apache.velocity.runtime.directive.Literal
2014-04-07 12:00:04,799 - Loaded System Directive: org.apache.velocity.runtime.directive.Macro
2014-04-07 12:00:04,800 - Loaded System Directive: org.apache.velocity.runtime.directive.Parse
2014-04-07 12:00:04,801 - Loaded System Directive: org.apache.velocity.runtime.directive.Include
2014-04-07 12:00:04,801 - Loaded System Directive: org.apache.velocity.runtime.directive.Foreach
2014-04-07 12:00:04,815 - Created '20' parsers.
2014-04-07 12:00:04,820 - Velocimacro : "velocimacro.library" is not set.  Trying default library: VM_global_library.vm
2014-04-07 12:00:04,820 - Velocimacro : Default library not found.
2014-04-07 12:00:04,820 - Velocimacro : allowInline = true : VMs can be defined inline in templates
2014-04-07 12:00:04,820 - Velocimacro : allowInlineToOverride = false : VMs defined inline may NOT replace previous VM definitions
2014-04-07 12:00:04,820 - Velocimacro : allowInlineLocal = false : VMs defined inline will be global in scope if allowed.
2014-04-07 12:00:04,820 - Velocimacro : autoload off : VM system will not automatically reload global library macros
2014-04-07 12:00:04,842 - ResourceManager : found LogMessages.vm with loader org.apache.velocity.runtime.resource.loader.FileResourceLoader
2014-04-07 12:00:04,864 - ResourceManager : found LogMessages.vm with loader org.apache.velocity.runtime.resource.loader.FileResourceLoader
2014-04-07 12:00:04,880 - ResourceManager : found LogMessages.vm with loader org.apache.velocity.runtime.resource.loader.FileResourceLoader
2014-04-07 12:00:04,891 - ResourceManager : found LogMessages.vm with loader org.apache.velocity.runtime.resource.loader.FileResourceLoader
2014-04-07 12:00:04,901 - ResourceManager : found LogMessages.vm with loader org.apache.velocity.runtime.resource.loader.FileResourceLoader
2014-04-07 12:00:04,910 - ResourceManager : found LogMessages.vm with loader org.apache.velocity.runtime.resource.loader.FileResourceLoader
2014-04-07 12:00:04,920 - ResourceManager : found LogMessages.vm with loader org.apache.velocity.runtime.resource.loader.FileResourceLoader
2014-04-07 12:00:04,928 - ResourceManager : found LogMessages.vm with loader org.apache.velocity.runtime.resource.loader.FileResourceLoader
2014-04-07 12:00:04,936 - ResourceManager : found LogMessages.vm with loader org.apache.velocity.runtime.resource.loader.FileResourceLoader
2014-04-07 12:00:04,944 - ResourceManager : found LogMessages.vm with loader org.apache.velocity.runtime.resource.loader.FileResourceLoader
2014-04-07 12:00:04,951 - ResourceManager : found LogMessages.vm with loader org.apache.velocity.runtime.resource.loader.FileResourceLoader
2014-04-07 12:00:04,959 - ResourceManager : found LogMessages.vm with loader org.apache.velocity.runtime.resource.loader.FileResourceLoader
2014-04-07 12:00:04,967 - ResourceManager : found LogMessages.vm with loader org.apache.velocity.runtime.resource.loader.FileResourceLoader
2014-04-07 12:00:04,974 - ResourceManager : found LogMessages.vm with loader org.apache.velocity.runtime.resource.loader.FileResourceLoader
2014-04-09 12:34:54,003 - Log4JLogChute initialized using file 'velocity.log'
2014-04-09 12:34:54,003 - Starting Apache Velocity v1.5 (compiled: 2007-02-22 08:52:29)
2014-04-09 12:34:54,003 - Default Properties File: org/apache/velocity/runtime/defaults/velocity.properties
2014-04-09 12:34:54,003 - Trying to use logger class org.apache.velocity.runtime.log.AvalonLogChute
2014-04-09 12:34:54,004 - Couldn't find class org.apache.velocity.runtime.log.AvalonLogChute or necessary supporting classes in classpath.
java.lang.NoClassDefFoundError: org/apache/log/format/Formatter
	at java.lang.Class.forName0(Native Method)
	at java.lang.Class.forName(Class.java:249)
	at org.apache.velocity.util.ClassUtils.getClass(ClassUtils.java:63)
	at org.apache.velocity.util.ClassUtils.getNewInstance(ClassUtils.java:95)
	at org.apache.velocity.runtime.log.LogManager.createLogChute(LogManager.java:147)
	at org.apache.velocity.runtime.log.LogManager.updateLog(LogManager.java:208)
	at org.apache.velocity.runtime.RuntimeInstance.initializeLog(RuntimeInstance.java:728)
	at org.apache.velocity.runtime.RuntimeInstance.init(RuntimeInstance.java:240)
	at org.apache.velocity.runtime.RuntimeInstance.init(RuntimeInstance.java:534)
	at org.apache.velocity.runtime.RuntimeSingleton.init(RuntimeSingleton.java:227)
	at org.apache.velocity.app.Velocity.init(Velocity.java:111)
	at org.wso2.andes.server.logging.GenerateLogMessages.<init>(GenerateLogMessages.java:97)
	at org.wso2.andes.server.logging.GenerateLogMessages.main(GenerateLogMessages.java:50)
Caused by: java.lang.ClassNotFoundException: org.apache.log.format.Formatter
	at java.net.URLClassLoader$1.run(URLClassLoader.java:202)
	at java.security.AccessController.doPrivileged(Native Method)
	at java.net.URLClassLoader.findClass(URLClassLoader.java:190)
	at java.lang.ClassLoader.loadClass(ClassLoader.java:306)
	at sun.misc.Launcher$AppClassLoader.loadClass(Launcher.java:301)
	at java.lang.ClassLoader.loadClass(ClassLoader.java:247)
	... 13 more
2014-04-09 12:34:54,005 - Trying to use logger class org.apache.velocity.runtime.log.Log4JLogChute
2014-04-09 12:34:54,005 - Using logger class org.apache.velocity.runtime.log.Log4JLogChute
2014-04-09 12:34:54,006 - Default ResourceManager initializing. (class org.apache.velocity.runtime.resource.ResourceManagerImpl)
2014-04-09 12:34:54,008 - ResourceLoader instantiated: org.apache.velocity.runtime.resource.loader.FileResourceLoader
2014-04-09 12:34:54,009 - Do unicode file recognition:  false
2014-04-09 12:34:54,009 - FileResourceLoader : adding path '/home/dhanukar/codebase/4.x.x/platform/branches/turing/dependencies/andes/0.13.0-wso2v11/java/broker/src/velocity/templates/org/wso2/andes/server/logging/messages'
2014-04-09 12:34:54,016 - ResourceCache: initialized (class org.apache.velocity.runtime.resource.ResourceCacheImpl)
2014-04-09 12:34:54,017 - Loaded System Directive: org.apache.velocity.runtime.directive.Literal
2014-04-09 12:34:54,018 - Loaded System Directive: org.apache.velocity.runtime.directive.Macro
2014-04-09 12:34:54,019 - Loaded System Directive: org.apache.velocity.runtime.directive.Parse
2014-04-09 12:34:54,020 - Loaded System Directive: org.apache.velocity.runtime.directive.Include
2014-04-09 12:34:54,020 - Loaded System Directive: org.apache.velocity.runtime.directive.Foreach
2014-04-09 12:34:54,034 - Created '20' parsers.
2014-04-09 12:34:54,039 - Velocimacro : "velocimacro.library" is not set.  Trying default library: VM_global_library.vm
2014-04-09 12:34:54,039 - Velocimacro : Default library not found.
2014-04-09 12:34:54,039 - Velocimacro : allowInline = true : VMs can be defined inline in templates
2014-04-09 12:34:54,039 - Velocimacro : allowInlineToOverride = false : VMs defined inline may NOT replace previous VM definitions
2014-04-09 12:34:54,039 - Velocimacro : allowInlineLocal = false : VMs defined inline will be global in scope if allowed.
2014-04-09 12:34:54,039 - Velocimacro : autoload off : VM system will not automatically reload global library macros
2014-04-09 12:34:54,061 - ResourceManager : found LogMessages.vm with loader org.apache.velocity.runtime.resource.loader.FileResourceLoader
